<?xml version="1.0" encoding="UTF-8"?>
<!-- Generated by org.testng.reporters.JUnitReportReporter -->
<testsuite hostname="RajanSardana" name="ApplicationPagesTestCases.PaymentPageTest" tests="1" failures="0" timestamp="2 May 2019 10:05:36 GMT" time="11.123" errors="0">
  <testcase name="validateSuccessfulpayment" time="11.123" classname="ApplicationPagesTestCases.PaymentPageTest"/>
</testsuite> <!-- ApplicationPagesTestCases.PaymentPageTest -->
