<?xml version="1.0" encoding="UTF-8"?>
<!-- Generated by org.testng.reporters.JUnitReportReporter -->
<testsuite hostname="rajanlaptop" name="ApplicationPagesTestCases.PaymentPageTest" tests="1" failures="0" timestamp="5 May 2019 12:12:03 GMT" time="10.098" errors="0">
  <testcase name="validateSuccessfulpayment" time="10.098" classname="ApplicationPagesTestCases.PaymentPageTest"/>
</testsuite> <!-- ApplicationPagesTestCases.PaymentPageTest -->
