<?xml version="1.0" encoding="UTF-8"?>
<!-- Generated by org.testng.reporters.JUnitReportReporter -->
<testsuite hostname="rajanlaptop" name="ApplicationPagesTestCases.PaymentPageTest" tests="1" failures="0" timestamp="6 May 2019 22:31:41 GMT" time="10.811" errors="0">
  <testcase name="validateSuccessfulpayment" time="10.811" classname="ApplicationPagesTestCases.PaymentPageTest"/>
</testsuite> <!-- ApplicationPagesTestCases.PaymentPageTest -->
